{"/home/walder/workspaces/fullstack_webdev/fullstack_webdev_ass5/frontend/src/App.js": {"path":"/home/walder/workspaces/fullstack_webdev/fullstack_webdev_ass5/frontend/src/App.js","statementMap":{"0":{"start":{"line":12,"column":12},"end":{"line":175,"column":1}},"1":{"start":{"line":14,"column":36},"end":{"line":14,"column":48}},"2":{"start":{"line":15,"column":36},"end":{"line":15,"column":48}},"3":{"start":{"line":16,"column":28},"end":{"line":16,"column":42}},"4":{"start":{"line":17,"column":30},"end":{"line":17,"column":42}},"5":{"start":{"line":18,"column":30},"end":{"line":18,"column":42}},"6":{"start":{"line":19,"column":32},"end":{"line":19,"column":44}},"7":{"start":{"line":20,"column":26},"end":{"line":20,"column":38}},"8":{"start":{"line":21,"column":44},"end":{"line":21,"column":56}},"9":{"start":{"line":22,"column":30},"end":{"line":22,"column":42}},"10":{"start":{"line":24,"column":4},"end":{"line":35,"column":10}},"11":{"start":{"line":25,"column":31},"end":{"line":25,"column":79}},"12":{"start":{"line":26,"column":8},"end":{"line":34,"column":9}},"13":{"start":{"line":27,"column":25},"end":{"line":27,"column":51}},"14":{"start":{"line":28,"column":12},"end":{"line":28,"column":25}},"15":{"start":{"line":29,"column":12},"end":{"line":29,"column":44}},"16":{"start":{"line":30,"column":12},"end":{"line":30,"column":22}},"17":{"start":{"line":31,"column":12},"end":{"line":31,"column":24}},"18":{"start":{"line":32,"column":12},"end":{"line":32,"column":25}},"19":{"start":{"line":33,"column":12},"end":{"line":33,"column":22}},"20":{"start":{"line":38,"column":21},"end":{"line":41,"column":5}},"21":{"start":{"line":39,"column":25},"end":{"line":39,"column":51}},"22":{"start":{"line":40,"column":8},"end":{"line":40,"column":59}},"23":{"start":{"line":40,"column":41},"end":{"line":40,"column":56}},"24":{"start":{"line":43,"column":25},"end":{"line":53,"column":5}},"25":{"start":{"line":44,"column":8},"end":{"line":52,"column":9}},"26":{"start":{"line":45,"column":12},"end":{"line":45,"column":25}},"27":{"start":{"line":46,"column":12},"end":{"line":46,"column":63}},"28":{"start":{"line":47,"column":12},"end":{"line":47,"column":50}},"29":{"start":{"line":48,"column":12},"end":{"line":48,"column":58}},"30":{"start":{"line":48,"column":31},"end":{"line":48,"column":50}},"31":{"start":{"line":50,"column":12},"end":{"line":50,"column":38}},"32":{"start":{"line":51,"column":12},"end":{"line":51,"column":51}},"33":{"start":{"line":51,"column":31},"end":{"line":51,"column":43}},"34":{"start":{"line":55,"column":24},"end":{"line":80,"column":5}},"35":{"start":{"line":56,"column":8},"end":{"line":56,"column":30}},"36":{"start":{"line":57,"column":8},"end":{"line":57,"column":57}},"37":{"start":{"line":58,"column":8},"end":{"line":78,"column":9}},"38":{"start":{"line":59,"column":28},"end":{"line":59,"column":76}},"39":{"start":{"line":60,"column":12},"end":{"line":60,"column":85}},"40":{"start":{"line":62,"column":12},"end":{"line":62,"column":48}},"41":{"start":{"line":63,"column":12},"end":{"line":63,"column":58}},"42":{"start":{"line":63,"column":31},"end":{"line":63,"column":50}},"43":{"start":{"line":65,"column":12},"end":{"line":65,"column":28}},"44":{"start":{"line":66,"column":12},"end":{"line":66,"column":28}},"45":{"start":{"line":68,"column":12},"end":{"line":68,"column":47}},"46":{"start":{"line":70,"column":12},"end":{"line":70,"column":27}},"47":{"start":{"line":71,"column":12},"end":{"line":71,"column":27}},"48":{"start":{"line":74,"column":12},"end":{"line":74,"column":37}},"49":{"start":{"line":75,"column":12},"end":{"line":75,"column":51}},"50":{"start":{"line":75,"column":31},"end":{"line":75,"column":43}},"51":{"start":{"line":76,"column":12},"end":{"line":76,"column":27}},"52":{"start":{"line":77,"column":12},"end":{"line":77,"column":27}},"53":{"start":{"line":82,"column":26},"end":{"line":100,"column":5}},"54":{"start":{"line":83,"column":8},"end":{"line":83,"column":30}},"55":{"start":{"line":84,"column":8},"end":{"line":84,"column":54}},"56":{"start":{"line":86,"column":24},"end":{"line":90,"column":9}},"57":{"start":{"line":91,"column":25},"end":{"line":91,"column":58}},"58":{"start":{"line":92,"column":8},"end":{"line":92,"column":40}},"59":{"start":{"line":93,"column":8},"end":{"line":93,"column":65}},"60":{"start":{"line":94,"column":8},"end":{"line":94,"column":54}},"61":{"start":{"line":94,"column":27},"end":{"line":94,"column":46}},"62":{"start":{"line":95,"column":8},"end":{"line":95,"column":21}},"63":{"start":{"line":96,"column":8},"end":{"line":96,"column":20}},"64":{"start":{"line":97,"column":8},"end":{"line":97,"column":18}},"65":{"start":{"line":98,"column":8},"end":{"line":98,"column":32}},"66":{"start":{"line":102,"column":24},"end":{"line":111,"column":5}},"67":{"start":{"line":103,"column":8},"end":{"line":103,"column":23}},"68":{"start":{"line":104,"column":25},"end":{"line":104,"column":55}},"69":{"start":{"line":105,"column":26},"end":{"line":105,"column":79}},"70":{"start":{"line":105,"column":53},"end":{"line":105,"column":78}},"71":{"start":{"line":106,"column":25},"end":{"line":106,"column":51}},"72":{"start":{"line":107,"column":28},"end":{"line":107,"column":69}},"73":{"start":{"line":107,"column":52},"end":{"line":107,"column":67}},"74":{"start":{"line":108,"column":8},"end":{"line":108,"column":29}},"75":{"start":{"line":109,"column":8},"end":{"line":109,"column":82}},"76":{"start":{"line":110,"column":8},"end":{"line":110,"column":54}},"77":{"start":{"line":110,"column":27},"end":{"line":110,"column":46}},"78":{"start":{"line":114,"column":26},"end":{"line":124,"column":5}},"79":{"start":{"line":115,"column":23},"end":{"line":115,"column":89}},"80":{"start":{"line":116,"column":8},"end":{"line":123,"column":9}},"81":{"start":{"line":117,"column":29},"end":{"line":117,"column":59}},"82":{"start":{"line":118,"column":12},"end":{"line":118,"column":33}},"83":{"start":{"line":119,"column":31},"end":{"line":119,"column":84}},"84":{"start":{"line":119,"column":58},"end":{"line":119,"column":83}},"85":{"start":{"line":120,"column":12},"end":{"line":120,"column":32}},"86":{"start":{"line":121,"column":12},"end":{"line":121,"column":79}},"87":{"start":{"line":122,"column":12},"end":{"line":122,"column":58}},"88":{"start":{"line":122,"column":31},"end":{"line":122,"column":50}},"89":{"start":{"line":126,"column":4},"end":{"line":174,"column":5}},"90":{"start":{"line":127,"column":8},"end":{"line":139,"column":9}},"91":{"start":{"line":134,"column":58},"end":{"line":134,"column":83}},"92":{"start":{"line":135,"column":58},"end":{"line":135,"column":83}},"93":{"start":{"line":141,"column":8},"end":{"line":173,"column":9}},"94":{"start":{"line":156,"column":64},"end":{"line":156,"column":87}},"95":{"start":{"line":157,"column":63},"end":{"line":157,"column":85}},"96":{"start":{"line":158,"column":61},"end":{"line":158,"column":81}},"97":{"start":{"line":165,"column":24},"end":{"line":170,"column":42}},"98":{"start":{"line":168,"column":49},"end":{"line":168,"column":68}},"99":{"start":{"line":169,"column":47},"end":{"line":169,"column":64}}},"fnMap":{"0":{"name":"(anonymous_0)","decl":{"start":{"line":12,"column":12},"end":{"line":12,"column":13}},"loc":{"start":{"line":12,"column":18},"end":{"line":175,"column":1}},"line":12},"1":{"name":"(anonymous_1)","decl":{"start":{"line":24,"column":14},"end":{"line":24,"column":15}},"loc":{"start":{"line":24,"column":20},"end":{"line":35,"column":5}},"line":24},"2":{"name":"(anonymous_2)","decl":{"start":{"line":38,"column":21},"end":{"line":38,"column":22}},"loc":{"start":{"line":38,"column":33},"end":{"line":41,"column":5}},"line":38},"3":{"name":"(anonymous_3)","decl":{"start":{"line":40,"column":31},"end":{"line":40,"column":32}},"loc":{"start":{"line":40,"column":41},"end":{"line":40,"column":56}},"line":40},"4":{"name":"(anonymous_4)","decl":{"start":{"line":43,"column":25},"end":{"line":43,"column":26}},"loc":{"start":{"line":43,"column":31},"end":{"line":53,"column":5}},"line":43},"5":{"name":"(anonymous_5)","decl":{"start":{"line":48,"column":23},"end":{"line":48,"column":24}},"loc":{"start":{"line":48,"column":29},"end":{"line":48,"column":51}},"line":48},"6":{"name":"(anonymous_6)","decl":{"start":{"line":51,"column":23},"end":{"line":51,"column":24}},"loc":{"start":{"line":51,"column":29},"end":{"line":51,"column":44}},"line":51},"7":{"name":"(anonymous_7)","decl":{"start":{"line":55,"column":24},"end":{"line":55,"column":25}},"loc":{"start":{"line":55,"column":39},"end":{"line":80,"column":5}},"line":55},"8":{"name":"(anonymous_8)","decl":{"start":{"line":63,"column":23},"end":{"line":63,"column":24}},"loc":{"start":{"line":63,"column":29},"end":{"line":63,"column":51}},"line":63},"9":{"name":"(anonymous_9)","decl":{"start":{"line":75,"column":23},"end":{"line":75,"column":24}},"loc":{"start":{"line":75,"column":29},"end":{"line":75,"column":44}},"line":75},"10":{"name":"(anonymous_10)","decl":{"start":{"line":82,"column":26},"end":{"line":82,"column":27}},"loc":{"start":{"line":82,"column":41},"end":{"line":100,"column":5}},"line":82},"11":{"name":"(anonymous_11)","decl":{"start":{"line":94,"column":19},"end":{"line":94,"column":20}},"loc":{"start":{"line":94,"column":25},"end":{"line":94,"column":47}},"line":94},"12":{"name":"(anonymous_12)","decl":{"start":{"line":102,"column":24},"end":{"line":102,"column":25}},"loc":{"start":{"line":102,"column":40},"end":{"line":111,"column":5}},"line":102},"13":{"name":"(anonymous_13)","decl":{"start":{"line":105,"column":39},"end":{"line":105,"column":40}},"loc":{"start":{"line":105,"column":53},"end":{"line":105,"column":78}},"line":105},"14":{"name":"(anonymous_14)","decl":{"start":{"line":107,"column":42},"end":{"line":107,"column":43}},"loc":{"start":{"line":107,"column":52},"end":{"line":107,"column":67}},"line":107},"15":{"name":"(anonymous_15)","decl":{"start":{"line":110,"column":19},"end":{"line":110,"column":20}},"loc":{"start":{"line":110,"column":25},"end":{"line":110,"column":47}},"line":110},"16":{"name":"(anonymous_16)","decl":{"start":{"line":114,"column":26},"end":{"line":114,"column":27}},"loc":{"start":{"line":114,"column":42},"end":{"line":124,"column":5}},"line":114},"17":{"name":"(anonymous_17)","decl":{"start":{"line":119,"column":44},"end":{"line":119,"column":45}},"loc":{"start":{"line":119,"column":58},"end":{"line":119,"column":83}},"line":119},"18":{"name":"(anonymous_18)","decl":{"start":{"line":122,"column":23},"end":{"line":122,"column":24}},"loc":{"start":{"line":122,"column":29},"end":{"line":122,"column":51}},"line":122},"19":{"name":"(anonymous_19)","decl":{"start":{"line":134,"column":42},"end":{"line":134,"column":43}},"loc":{"start":{"line":134,"column":58},"end":{"line":134,"column":83}},"line":134},"20":{"name":"(anonymous_20)","decl":{"start":{"line":135,"column":42},"end":{"line":135,"column":43}},"loc":{"start":{"line":135,"column":58},"end":{"line":135,"column":83}},"line":135},"21":{"name":"(anonymous_21)","decl":{"start":{"line":156,"column":48},"end":{"line":156,"column":49}},"loc":{"start":{"line":156,"column":64},"end":{"line":156,"column":87}},"line":156},"22":{"name":"(anonymous_22)","decl":{"start":{"line":157,"column":47},"end":{"line":157,"column":48}},"loc":{"start":{"line":157,"column":63},"end":{"line":157,"column":85}},"line":157},"23":{"name":"(anonymous_23)","decl":{"start":{"line":158,"column":45},"end":{"line":158,"column":46}},"loc":{"start":{"line":158,"column":61},"end":{"line":158,"column":81}},"line":158},"24":{"name":"(anonymous_24)","decl":{"start":{"line":164,"column":31},"end":{"line":164,"column":32}},"loc":{"start":{"line":165,"column":24},"end":{"line":170,"column":42}},"line":165},"25":{"name":"(anonymous_25)","decl":{"start":{"line":168,"column":43},"end":{"line":168,"column":44}},"loc":{"start":{"line":168,"column":49},"end":{"line":168,"column":68}},"line":168},"26":{"name":"(anonymous_26)","decl":{"start":{"line":169,"column":41},"end":{"line":169,"column":42}},"loc":{"start":{"line":169,"column":47},"end":{"line":169,"column":64}},"line":169}},"branchMap":{"0":{"loc":{"start":{"line":26,"column":8},"end":{"line":34,"column":9}},"type":"if","locations":[{"start":{"line":26,"column":8},"end":{"line":34,"column":9}},{"start":{"line":26,"column":8},"end":{"line":34,"column":9}}],"line":26},"1":{"loc":{"start":{"line":116,"column":8},"end":{"line":123,"column":9}},"type":"if","locations":[{"start":{"line":116,"column":8},"end":{"line":123,"column":9}},{"start":{"line":116,"column":8},"end":{"line":123,"column":9}}],"line":116},"2":{"loc":{"start":{"line":126,"column":4},"end":{"line":174,"column":5}},"type":"if","locations":[{"start":{"line":126,"column":4},"end":{"line":174,"column":5}},{"start":{"line":126,"column":4},"end":{"line":174,"column":5}}],"line":126}},"s":{"0":1,"1":6,"2":6,"3":6,"4":6,"5":6,"6":6,"7":6,"8":6,"9":6,"10":6,"11":2,"12":2,"13":1,"14":1,"15":1,"16":1,"17":1,"18":1,"19":1,"20":6,"21":1,"22":1,"23":2,"24":6,"25":0,"26":0,"27":0,"28":0,"29":0,"30":0,"31":0,"32":0,"33":0,"34":6,"35":0,"36":0,"37":0,"38":0,"39":0,"40":0,"41":0,"42":0,"43":0,"44":0,"45":0,"46":0,"47":0,"48":0,"49":0,"50":0,"51":0,"52":0,"53":6,"54":0,"55":0,"56":0,"57":0,"58":0,"59":0,"60":0,"61":0,"62":0,"63":0,"64":0,"65":0,"66":6,"67":0,"68":0,"69":0,"70":0,"71":0,"72":0,"73":0,"74":0,"75":0,"76":0,"77":0,"78":6,"79":0,"80":0,"81":0,"82":0,"83":0,"84":0,"85":0,"86":0,"87":0,"88":0,"89":6,"90":3,"91":0,"92":0,"93":3,"94":0,"95":0,"96":0,"97":3,"98":0,"99":0},"f":{"0":6,"1":2,"2":1,"3":2,"4":0,"5":0,"6":0,"7":0,"8":0,"9":0,"10":0,"11":0,"12":0,"13":0,"14":0,"15":0,"16":0,"17":0,"18":0,"19":0,"20":0,"21":0,"22":0,"23":0,"24":3,"25":0,"26":0},"b":{"0":[1,1],"1":[0,0],"2":[3,3]},"_coverageSchema":"43e27e138ebf9cfc5966b082cf9a028302ed4184","hash":"f0105171b93940e522da9b012bc47f8addde3053"}
,"/home/walder/workspaces/fullstack_webdev/fullstack_webdev_ass5/frontend/src/index.js": {"path":"/home/walder/workspaces/fullstack_webdev/fullstack_webdev_ass5/frontend/src/index.js","statementMap":{"0":{"start":{"line":7,"column":0},"end":{"line":7,"column":57}}},"fnMap":{},"branchMap":{},"s":{"0":0},"f":{},"b":{},"hash":"8ec2e240c0b168fddda49a929a3fbe4c4cf3b289"}
,"/home/walder/workspaces/fullstack_webdev/fullstack_webdev_ass5/frontend/src/components/AddBlogForm.js": {"path":"/home/walder/workspaces/fullstack_webdev/fullstack_webdev_ass5/frontend/src/components/AddBlogForm.js","statementMap":{"0":{"start":{"line":5,"column":20},"end":{"line":31,"column":1}},"1":{"start":{"line":7,"column":4},"end":{"line":28,"column":11}}},"fnMap":{"0":{"name":"(anonymous_0)","decl":{"start":{"line":5,"column":20},"end":{"line":5,"column":21}},"loc":{"start":{"line":7,"column":4},"end":{"line":28,"column":11}},"line":7}},"branchMap":{},"s":{"0":1,"1":3},"f":{"0":3},"b":{},"_coverageSchema":"43e27e138ebf9cfc5966b082cf9a028302ed4184","hash":"6f24ec2136d150a3f0230301f88b13d610ce0214"}
,"/home/walder/workspaces/fullstack_webdev/fullstack_webdev_ass5/frontend/src/components/Blog.js": {"path":"/home/walder/workspaces/fullstack_webdev/fullstack_webdev_ass5/frontend/src/components/Blog.js","statementMap":{"0":{"start":{"line":7,"column":13},"end":{"line":17,"column":1}},"1":{"start":{"line":8,"column":4},"end":{"line":16,"column":10}}},"fnMap":{"0":{"name":"(anonymous_0)","decl":{"start":{"line":7,"column":13},"end":{"line":7,"column":14}},"loc":{"start":{"line":8,"column":4},"end":{"line":16,"column":10}},"line":8}},"branchMap":{},"s":{"0":1,"1":3},"f":{"0":3},"b":{},"_coverageSchema":"43e27e138ebf9cfc5966b082cf9a028302ed4184","hash":"3104ff646d6351f0a140127c2501d126af9ca9f8"}
,"/home/walder/workspaces/fullstack_webdev/fullstack_webdev_ass5/frontend/src/components/BlogInfo.js": {"path":"/home/walder/workspaces/fullstack_webdev/fullstack_webdev_ass5/frontend/src/components/BlogInfo.js","statementMap":{"0":{"start":{"line":3,"column":17},"end":{"line":26,"column":1}},"1":{"start":{"line":5,"column":36},"end":{"line":5,"column":87}},"2":{"start":{"line":7,"column":22},"end":{"line":13,"column":5}},"3":{"start":{"line":15,"column":4},"end":{"line":25,"column":5}}},"fnMap":{"0":{"name":"(anonymous_0)","decl":{"start":{"line":3,"column":17},"end":{"line":3,"column":18}},"loc":{"start":{"line":3,"column":65},"end":{"line":26,"column":1}},"line":3}},"branchMap":{"0":{"loc":{"start":{"line":5,"column":47},"end":{"line":5,"column":85}},"type":"cond-expr","locations":[{"start":{"line":5,"column":74},"end":{"line":5,"column":76}},{"start":{"line":5,"column":79},"end":{"line":5,"column":85}}],"line":5}},"s":{"0":2,"1":5,"2":5,"3":5},"f":{"0":5},"b":{"0":[3,2]},"_coverageSchema":"43e27e138ebf9cfc5966b082cf9a028302ed4184","hash":"92387c7282db0993af031b69d41c27a378e2c851"}
,"/home/walder/workspaces/fullstack_webdev/fullstack_webdev_ass5/frontend/src/components/Error.js": {"path":"/home/walder/workspaces/fullstack_webdev/fullstack_webdev_ass5/frontend/src/components/Error.js","statementMap":{"0":{"start":{"line":5,"column":14},"end":{"line":27,"column":1}},"1":{"start":{"line":7,"column":30},"end":{"line":15,"column":5}},"2":{"start":{"line":17,"column":4},"end":{"line":26,"column":5}},"3":{"start":{"line":18,"column":8},"end":{"line":18,"column":19}},"4":{"start":{"line":21,"column":8},"end":{"line":25,"column":9}}},"fnMap":{"0":{"name":"(anonymous_0)","decl":{"start":{"line":5,"column":14},"end":{"line":5,"column":15}},"loc":{"start":{"line":5,"column":31},"end":{"line":27,"column":1}},"line":5}},"branchMap":{"0":{"loc":{"start":{"line":17,"column":4},"end":{"line":26,"column":5}},"type":"if","locations":[{"start":{"line":17,"column":4},"end":{"line":26,"column":5}},{"start":{"line":17,"column":4},"end":{"line":26,"column":5}}],"line":17}},"s":{"0":1,"1":6,"2":6,"3":6,"4":0},"f":{"0":6},"b":{"0":[6,0]},"_coverageSchema":"43e27e138ebf9cfc5966b082cf9a028302ed4184","hash":"db52372815d833f738355285b2e9393c16063113"}
,"/home/walder/workspaces/fullstack_webdev/fullstack_webdev_ass5/frontend/src/components/LoginForm.js": {"path":"/home/walder/workspaces/fullstack_webdev/fullstack_webdev_ass5/frontend/src/components/LoginForm.js","statementMap":{"0":{"start":{"line":5,"column":18},"end":{"line":24,"column":1}},"1":{"start":{"line":6,"column":4},"end":{"line":23,"column":11}},"2":{"start":{"line":27,"column":0},"end":{"line":33,"column":1}}},"fnMap":{"0":{"name":"(anonymous_0)","decl":{"start":{"line":5,"column":18},"end":{"line":5,"column":19}},"loc":{"start":{"line":6,"column":4},"end":{"line":23,"column":11}},"line":6}},"branchMap":{},"s":{"0":1,"1":3,"2":1},"f":{"0":3},"b":{},"_coverageSchema":"43e27e138ebf9cfc5966b082cf9a028302ed4184","hash":"47aef5fccc28487036ce947fc7df9528423e1552"}
,"/home/walder/workspaces/fullstack_webdev/fullstack_webdev_ass5/frontend/src/components/Notification.js": {"path":"/home/walder/workspaces/fullstack_webdev/fullstack_webdev_ass5/frontend/src/components/Notification.js","statementMap":{"0":{"start":{"line":5,"column":21},"end":{"line":27,"column":1}},"1":{"start":{"line":7,"column":30},"end":{"line":15,"column":5}},"2":{"start":{"line":17,"column":4},"end":{"line":26,"column":5}},"3":{"start":{"line":18,"column":8},"end":{"line":18,"column":19}},"4":{"start":{"line":21,"column":8},"end":{"line":25,"column":9}}},"fnMap":{"0":{"name":"(anonymous_0)","decl":{"start":{"line":5,"column":21},"end":{"line":5,"column":22}},"loc":{"start":{"line":5,"column":38},"end":{"line":27,"column":1}},"line":5}},"branchMap":{"0":{"loc":{"start":{"line":17,"column":4},"end":{"line":26,"column":5}},"type":"if","locations":[{"start":{"line":17,"column":4},"end":{"line":26,"column":5}},{"start":{"line":17,"column":4},"end":{"line":26,"column":5}}],"line":17}},"s":{"0":1,"1":6,"2":6,"3":6,"4":0},"f":{"0":6},"b":{"0":[6,0]},"_coverageSchema":"43e27e138ebf9cfc5966b082cf9a028302ed4184","hash":"58b6ada551872ce919a4cb998530f8ac84684232"}
,"/home/walder/workspaces/fullstack_webdev/fullstack_webdev_ass5/frontend/src/components/ShortBlogInfo.js": {"path":"/home/walder/workspaces/fullstack_webdev/fullstack_webdev_ass5/frontend/src/components/ShortBlogInfo.js","statementMap":{"0":{"start":{"line":4,"column":22},"end":{"line":9,"column":1}},"1":{"start":{"line":6,"column":4},"end":{"line":8,"column":9}}},"fnMap":{"0":{"name":"(anonymous_0)","decl":{"start":{"line":4,"column":22},"end":{"line":4,"column":23}},"loc":{"start":{"line":6,"column":4},"end":{"line":8,"column":9}},"line":6}},"branchMap":{},"s":{"0":2,"1":5},"f":{"0":5},"b":{},"_coverageSchema":"43e27e138ebf9cfc5966b082cf9a028302ed4184","hash":"9051568239016a6f637f4b69120df7f6e3978966"}
,"/home/walder/workspaces/fullstack_webdev/fullstack_webdev_ass5/frontend/src/components/SimpleBlog.js": {"path":"/home/walder/workspaces/fullstack_webdev/fullstack_webdev_ass5/frontend/src/components/SimpleBlog.js","statementMap":{"0":{"start":{"line":3,"column":19},"end":{"line":13,"column":1}},"1":{"start":{"line":4,"column":4},"end":{"line":12,"column":10}}},"fnMap":{"0":{"name":"(anonymous_0)","decl":{"start":{"line":3,"column":19},"end":{"line":3,"column":20}},"loc":{"start":{"line":4,"column":4},"end":{"line":12,"column":10}},"line":4}},"branchMap":{},"s":{"0":1,"1":2},"f":{"0":2},"b":{},"_coverageSchema":"43e27e138ebf9cfc5966b082cf9a028302ed4184","hash":"f0a2ea14f3a71b2365bb671c857d42b737ad4889"}
,"/home/walder/workspaces/fullstack_webdev/fullstack_webdev_ass5/frontend/src/components/Togglable.js": {"path":"/home/walder/workspaces/fullstack_webdev/fullstack_webdev_ass5/frontend/src/components/Togglable.js","statementMap":{"0":{"start":{"line":4,"column":18},"end":{"line":25,"column":1}},"1":{"start":{"line":5,"column":34},"end":{"line":5,"column":49}},"2":{"start":{"line":7,"column":28},"end":{"line":7,"column":62}},"3":{"start":{"line":8,"column":28},"end":{"line":8,"column":62}},"4":{"start":{"line":10,"column":29},"end":{"line":12,"column":5}},"5":{"start":{"line":11,"column":8},"end":{"line":11,"column":28}},"6":{"start":{"line":14,"column":4},"end":{"line":24,"column":5}},"7":{"start":{"line":27,"column":0},"end":{"line":29,"column":1}}},"fnMap":{"0":{"name":"(anonymous_0)","decl":{"start":{"line":4,"column":18},"end":{"line":4,"column":19}},"loc":{"start":{"line":4,"column":29},"end":{"line":25,"column":1}},"line":4},"1":{"name":"(anonymous_1)","decl":{"start":{"line":10,"column":29},"end":{"line":10,"column":30}},"loc":{"start":{"line":10,"column":35},"end":{"line":12,"column":5}},"line":10}},"branchMap":{"0":{"loc":{"start":{"line":7,"column":39},"end":{"line":7,"column":60}},"type":"cond-expr","locations":[{"start":{"line":7,"column":49},"end":{"line":7,"column":55}},{"start":{"line":7,"column":58},"end":{"line":7,"column":60}}],"line":7},"1":{"loc":{"start":{"line":8,"column":39},"end":{"line":8,"column":60}},"type":"cond-expr","locations":[{"start":{"line":8,"column":49},"end":{"line":8,"column":51}},{"start":{"line":8,"column":54},"end":{"line":8,"column":60}}],"line":8}},"s":{"0":2,"1":9,"2":9,"3":9,"4":9,"5":1,"6":9,"7":2},"f":{"0":9,"1":1},"b":{"0":[1,8],"1":[1,8]},"_coverageSchema":"43e27e138ebf9cfc5966b082cf9a028302ed4184","hash":"9629cd9c848906572da5ae0a71ce7cece6a27ae9"}
,"/home/walder/workspaces/fullstack_webdev/fullstack_webdev_ass5/frontend/src/services/blogs.js": {"path":"/home/walder/workspaces/fullstack_webdev/fullstack_webdev_ass5/frontend/src/services/blogs.js","statementMap":{"0":{"start":{"line":2,"column":16},"end":{"line":2,"column":28}},"1":{"start":{"line":4,"column":12},"end":{"line":4,"column":16}},"2":{"start":{"line":6,"column":17},"end":{"line":8,"column":1}},"3":{"start":{"line":7,"column":4},"end":{"line":7,"column":32}},"4":{"start":{"line":10,"column":15},"end":{"line":13,"column":1}},"5":{"start":{"line":11,"column":21},"end":{"line":11,"column":45}},"6":{"start":{"line":12,"column":4},"end":{"line":12,"column":24}},"7":{"start":{"line":16,"column":15},"end":{"line":20,"column":1}},"8":{"start":{"line":17,"column":21},"end":{"line":17,"column":67}},"9":{"start":{"line":18,"column":4},"end":{"line":18,"column":24}},"10":{"start":{"line":24,"column":15},"end":{"line":32,"column":1}},"11":{"start":{"line":26,"column":19},"end":{"line":28,"column":5}},"12":{"start":{"line":30,"column":21},"end":{"line":30,"column":63}},"13":{"start":{"line":31,"column":4},"end":{"line":31,"column":24}},"14":{"start":{"line":35,"column":15},"end":{"line":43,"column":1}},"15":{"start":{"line":37,"column":19},"end":{"line":39,"column":5}},"16":{"start":{"line":40,"column":21},"end":{"line":40,"column":72}},"17":{"start":{"line":41,"column":4},"end":{"line":41,"column":24}}},"fnMap":{"0":{"name":"(anonymous_0)","decl":{"start":{"line":6,"column":17},"end":{"line":6,"column":18}},"loc":{"start":{"line":6,"column":29},"end":{"line":8,"column":1}},"line":6},"1":{"name":"(anonymous_1)","decl":{"start":{"line":10,"column":15},"end":{"line":10,"column":16}},"loc":{"start":{"line":10,"column":27},"end":{"line":13,"column":1}},"line":10},"2":{"name":"(anonymous_2)","decl":{"start":{"line":16,"column":15},"end":{"line":16,"column":16}},"loc":{"start":{"line":16,"column":29},"end":{"line":20,"column":1}},"line":16},"3":{"name":"(anonymous_3)","decl":{"start":{"line":24,"column":15},"end":{"line":24,"column":16}},"loc":{"start":{"line":24,"column":32},"end":{"line":32,"column":1}},"line":24},"4":{"name":"(anonymous_4)","decl":{"start":{"line":35,"column":15},"end":{"line":35,"column":16}},"loc":{"start":{"line":35,"column":29},"end":{"line":43,"column":1}},"line":35}},"branchMap":{},"s":{"0":0,"1":0,"2":0,"3":0,"4":0,"5":0,"6":0,"7":0,"8":0,"9":0,"10":0,"11":0,"12":0,"13":0,"14":0,"15":0,"16":0,"17":0},"f":{"0":0,"1":0,"2":0,"3":0,"4":0},"b":{},"hash":"0c8f3146eb7cbf2284331a1a54b8ec4a05139b6b"}
,"/home/walder/workspaces/fullstack_webdev/fullstack_webdev_ass5/frontend/src/services/login.js": {"path":"/home/walder/workspaces/fullstack_webdev/fullstack_webdev_ass5/frontend/src/services/login.js","statementMap":{"0":{"start":{"line":2,"column":16},"end":{"line":2,"column":28}},"1":{"start":{"line":5,"column":14},"end":{"line":8,"column":1}},"2":{"start":{"line":6,"column":21},"end":{"line":6,"column":59}},"3":{"start":{"line":7,"column":4},"end":{"line":7,"column":24}}},"fnMap":{"0":{"name":"(anonymous_0)","decl":{"start":{"line":5,"column":14},"end":{"line":5,"column":15}},"loc":{"start":{"line":5,"column":35},"end":{"line":8,"column":1}},"line":5}},"branchMap":{},"s":{"0":1,"1":1,"2":0,"3":0},"f":{"0":0},"b":{},"_coverageSchema":"43e27e138ebf9cfc5966b082cf9a028302ed4184","hash":"6b2455e79f8749023f998822bb28adf6aa1d24f1"}
}
