TN:
SF:/home/walder/workspaces/fullstack_webdev/fullstack_webdev_ass5/frontend/src/App.js
FN:12,(anonymous_0)
FN:24,(anonymous_1)
FN:38,(anonymous_2)
FN:40,(anonymous_3)
FN:43,(anonymous_4)
FN:48,(anonymous_5)
FN:51,(anonymous_6)
FN:55,(anonymous_7)
FN:63,(anonymous_8)
FN:75,(anonymous_9)
FN:82,(anonymous_10)
FN:94,(anonymous_11)
FN:102,(anonymous_12)
FN:105,(anonymous_13)
FN:107,(anonymous_14)
FN:110,(anonymous_15)
FN:114,(anonymous_16)
FN:119,(anonymous_17)
FN:122,(anonymous_18)
FN:134,(anonymous_19)
FN:135,(anonymous_20)
FN:156,(anonymous_21)
FN:157,(anonymous_22)
FN:158,(anonymous_23)
FN:164,(anonymous_24)
FN:168,(anonymous_25)
FN:169,(anonymous_26)
FNF:27
FNH:5
FNDA:6,(anonymous_0)
FNDA:2,(anonymous_1)
FNDA:1,(anonymous_2)
FNDA:2,(anonymous_3)
FNDA:0,(anonymous_4)
FNDA:0,(anonymous_5)
FNDA:0,(anonymous_6)
FNDA:0,(anonymous_7)
FNDA:0,(anonymous_8)
FNDA:0,(anonymous_9)
FNDA:0,(anonymous_10)
FNDA:0,(anonymous_11)
FNDA:0,(anonymous_12)
FNDA:0,(anonymous_13)
FNDA:0,(anonymous_14)
FNDA:0,(anonymous_15)
FNDA:0,(anonymous_16)
FNDA:0,(anonymous_17)
FNDA:0,(anonymous_18)
FNDA:0,(anonymous_19)
FNDA:0,(anonymous_20)
FNDA:0,(anonymous_21)
FNDA:0,(anonymous_22)
FNDA:0,(anonymous_23)
FNDA:3,(anonymous_24)
FNDA:0,(anonymous_25)
FNDA:0,(anonymous_26)
DA:12,1
DA:14,6
DA:15,6
DA:16,6
DA:17,6
DA:18,6
DA:19,6
DA:20,6
DA:21,6
DA:22,6
DA:24,6
DA:25,2
DA:26,2
DA:27,1
DA:28,1
DA:29,1
DA:30,1
DA:31,1
DA:32,1
DA:33,1
DA:38,6
DA:39,1
DA:40,2
DA:43,6
DA:44,0
DA:45,0
DA:46,0
DA:47,0
DA:48,0
DA:50,0
DA:51,0
DA:55,6
DA:56,0
DA:57,0
DA:58,0
DA:59,0
DA:60,0
DA:62,0
DA:63,0
DA:65,0
DA:66,0
DA:68,0
DA:70,0
DA:71,0
DA:74,0
DA:75,0
DA:76,0
DA:77,0
DA:82,6
DA:83,0
DA:84,0
DA:86,0
DA:91,0
DA:92,0
DA:93,0
DA:94,0
DA:95,0
DA:96,0
DA:97,0
DA:98,0
DA:102,6
DA:103,0
DA:104,0
DA:105,0
DA:106,0
DA:107,0
DA:108,0
DA:109,0
DA:110,0
DA:114,6
DA:115,0
DA:116,0
DA:117,0
DA:118,0
DA:119,0
DA:120,0
DA:121,0
DA:122,0
DA:126,6
DA:127,3
DA:134,0
DA:135,0
DA:141,3
DA:156,0
DA:157,0
DA:158,0
DA:165,3
DA:168,0
DA:169,0
LF:89
LH:32
BRDA:26,0,0,1
BRDA:26,0,1,1
BRDA:116,1,0,0
BRDA:116,1,1,0
BRDA:126,2,0,3
BRDA:126,2,1,3
BRF:6
BRH:4
end_of_record
TN:
SF:/home/walder/workspaces/fullstack_webdev/fullstack_webdev_ass5/frontend/src/index.js
FNF:0
FNH:0
DA:7,0
LF:1
LH:0
BRF:0
BRH:0
end_of_record
TN:
SF:/home/walder/workspaces/fullstack_webdev/fullstack_webdev_ass5/frontend/src/components/AddBlogForm.js
FN:5,(anonymous_0)
FNF:1
FNH:1
FNDA:3,(anonymous_0)
DA:5,1
DA:7,3
LF:2
LH:2
BRF:0
BRH:0
end_of_record
TN:
SF:/home/walder/workspaces/fullstack_webdev/fullstack_webdev_ass5/frontend/src/components/Blog.js
FN:7,(anonymous_0)
FNF:1
FNH:1
FNDA:3,(anonymous_0)
DA:7,1
DA:8,3
LF:2
LH:2
BRF:0
BRH:0
end_of_record
TN:
SF:/home/walder/workspaces/fullstack_webdev/fullstack_webdev_ass5/frontend/src/components/BlogInfo.js
FN:3,(anonymous_0)
FNF:1
FNH:1
FNDA:5,(anonymous_0)
DA:3,2
DA:5,5
DA:7,5
DA:15,5
LF:4
LH:4
BRDA:5,0,0,3
BRDA:5,0,1,2
BRF:2
BRH:2
end_of_record
TN:
SF:/home/walder/workspaces/fullstack_webdev/fullstack_webdev_ass5/frontend/src/components/Error.js
FN:5,(anonymous_0)
FNF:1
FNH:1
FNDA:6,(anonymous_0)
DA:5,1
DA:7,6
DA:17,6
DA:18,6
DA:21,0
LF:5
LH:4
BRDA:17,0,0,6
BRDA:17,0,1,0
BRF:2
BRH:1
end_of_record
TN:
SF:/home/walder/workspaces/fullstack_webdev/fullstack_webdev_ass5/frontend/src/components/LoginForm.js
FN:5,(anonymous_0)
FNF:1
FNH:1
FNDA:3,(anonymous_0)
DA:5,1
DA:6,3
DA:27,1
LF:3
LH:3
BRF:0
BRH:0
end_of_record
TN:
SF:/home/walder/workspaces/fullstack_webdev/fullstack_webdev_ass5/frontend/src/components/Notification.js
FN:5,(anonymous_0)
FNF:1
FNH:1
FNDA:6,(anonymous_0)
DA:5,1
DA:7,6
DA:17,6
DA:18,6
DA:21,0
LF:5
LH:4
BRDA:17,0,0,6
BRDA:17,0,1,0
BRF:2
BRH:1
end_of_record
TN:
SF:/home/walder/workspaces/fullstack_webdev/fullstack_webdev_ass5/frontend/src/components/ShortBlogInfo.js
FN:4,(anonymous_0)
FNF:1
FNH:1
FNDA:5,(anonymous_0)
DA:4,2
DA:6,5
LF:2
LH:2
BRF:0
BRH:0
end_of_record
TN:
SF:/home/walder/workspaces/fullstack_webdev/fullstack_webdev_ass5/frontend/src/components/SimpleBlog.js
FN:3,(anonymous_0)
FNF:1
FNH:1
FNDA:2,(anonymous_0)
DA:3,1
DA:4,2
LF:2
LH:2
BRF:0
BRH:0
end_of_record
TN:
SF:/home/walder/workspaces/fullstack_webdev/fullstack_webdev_ass5/frontend/src/components/Togglable.js
FN:4,(anonymous_0)
FN:10,(anonymous_1)
FNF:2
FNH:2
FNDA:9,(anonymous_0)
FNDA:1,(anonymous_1)
DA:4,2
DA:5,9
DA:7,9
DA:8,9
DA:10,9
DA:11,1
DA:14,9
DA:27,2
LF:8
LH:8
BRDA:7,0,0,1
BRDA:7,0,1,8
BRDA:8,1,0,1
BRDA:8,1,1,8
BRF:4
BRH:4
end_of_record
TN:
SF:/home/walder/workspaces/fullstack_webdev/fullstack_webdev_ass5/frontend/src/services/blogs.js
FN:6,(anonymous_0)
FN:10,(anonymous_1)
FN:16,(anonymous_2)
FN:24,(anonymous_3)
FN:35,(anonymous_4)
FNF:5
FNH:0
FNDA:0,(anonymous_0)
FNDA:0,(anonymous_1)
FNDA:0,(anonymous_2)
FNDA:0,(anonymous_3)
FNDA:0,(anonymous_4)
DA:2,0
DA:4,0
DA:6,0
DA:7,0
DA:10,0
DA:11,0
DA:12,0
DA:16,0
DA:17,0
DA:18,0
DA:24,0
DA:26,0
DA:30,0
DA:31,0
DA:35,0
DA:37,0
DA:40,0
DA:41,0
LF:18
LH:0
BRF:0
BRH:0
end_of_record
TN:
SF:/home/walder/workspaces/fullstack_webdev/fullstack_webdev_ass5/frontend/src/services/login.js
FN:5,(anonymous_0)
FNF:1
FNH:0
FNDA:0,(anonymous_0)
DA:2,1
DA:5,1
DA:6,0
DA:7,0
LF:4
LH:2
BRF:0
BRH:0
end_of_record
